mode: set
github.com/BuriP/S2-Go/websockets/S2client/client.go:16.64,21.16 4 0
github.com/BuriP/S2-Go/websockets/S2client/client.go:21.16,23.3 1 0
github.com/BuriP/S2-Go/websockets/S2client/client.go:25.2,25.39 1 0
github.com/BuriP/S2-Go/websockets/S2client/client.go:29.71,31.16 2 0
github.com/BuriP/S2-Go/websockets/S2client/client.go:31.16,33.3 1 0
github.com/BuriP/S2-Go/websockets/S2client/client.go:35.2,36.16 2 0
github.com/BuriP/S2-Go/websockets/S2client/client.go:36.16,38.3 1 0
github.com/BuriP/S2-Go/websockets/S2client/client.go:40.2,40.12 1 0
github.com/BuriP/S2-Go/websockets/S2client/client.go:44.65,46.16 2 0
github.com/BuriP/S2-Go/websockets/S2client/client.go:46.16,48.3 1 0
github.com/BuriP/S2-Go/websockets/S2client/client.go:49.2,49.29 1 0
github.com/BuriP/S2-Go/websockets/S2client/client.go:53.40,55.2 1 0
github.com/BuriP/S2-Go/src/frbc/frbcActuatorDescriptor.go:21.247,22.15 1 0
github.com/BuriP/S2-Go/src/frbc/frbcActuatorDescriptor.go:22.15,24.3 1 0
github.com/BuriP/S2-Go/src/frbc/frbcActuatorDescriptor.go:25.2,25.30 1 0
github.com/BuriP/S2-Go/src/frbc/frbcActuatorDescriptor.go:25.30,27.3 1 0
github.com/BuriP/S2-Go/src/frbc/frbcActuatorDescriptor.go:28.2,28.69 1 0
github.com/BuriP/S2-Go/src/frbc/frbcActuatorDescriptor.go:28.69,30.3 1 0
github.com/BuriP/S2-Go/src/frbc/frbcActuatorDescriptor.go:32.2,39.8 1 0
github.com/BuriP/S2-Go/src/frbc/frbcActuatorDescriptor.go:43.63,45.2 1 0
github.com/BuriP/S2-Go/src/frbc/frbcActuatorDescriptor.go:48.56,50.2 1 0
github.com/BuriP/S2-Go/src/frbc/frbcActuatorDescriptor.go:53.75,55.2 1 0
github.com/BuriP/S2-Go/src/frbc/frbcActuatorDescriptor.go:58.82,60.2 1 0
github.com/BuriP/S2-Go/src/frbc/frbcActuatorDescriptor.go:63.62,65.2 1 0
github.com/BuriP/S2-Go/src/frbc/frbcActuatorDescriptor.go:68.72,70.2 1 0
github.com/BuriP/S2-Go/src/frbc/frbcActuatorStatus.go:21.206,23.16 2 0
github.com/BuriP/S2-Go/src/frbc/frbcActuatorStatus.go:23.16,25.3 1 0
github.com/BuriP/S2-Go/src/frbc/frbcActuatorStatus.go:27.2,35.8 1 0
github.com/BuriP/S2-Go/src/frbc/frbcActuatorStatus.go:39.71,41.2 1 0
github.com/BuriP/S2-Go/src/frbc/frbcActuatorStatus.go:44.60,46.2 1 0
github.com/BuriP/S2-Go/src/frbc/frbcActuatorStatus.go:49.59,51.2 1 0
github.com/BuriP/S2-Go/src/frbc/frbcActuatorStatus.go:54.54,56.2 1 0
github.com/BuriP/S2-Go/src/frbc/frbcActuatorStatus.go:59.63,61.2 1 0
github.com/BuriP/S2-Go/src/frbc/frbcActuatorStatus.go:64.73,66.2 1 0
github.com/BuriP/S2-Go/src/frbc/frbcActuatorStatus.go:69.66,71.2 1 0
github.com/BuriP/S2-Go/src/frbc/frbcFillLevelTargetProfile.go:19.141,20.24 1 0
github.com/BuriP/S2-Go/src/frbc/frbcFillLevelTargetProfile.go:20.24,22.3 1 0
github.com/BuriP/S2-Go/src/frbc/frbcFillLevelTargetProfile.go:25.2,25.37 1 0
github.com/BuriP/S2-Go/src/frbc/frbcFillLevelTargetProfile.go:25.37,26.78 1 0
github.com/BuriP/S2-Go/src/frbc/frbcFillLevelTargetProfile.go:26.78,28.4 1 0
github.com/BuriP/S2-Go/src/frbc/frbcFillLevelTargetProfile.go:31.2,32.16 2 0
github.com/BuriP/S2-Go/src/frbc/frbcFillLevelTargetProfile.go:32.16,34.3 1 0
github.com/BuriP/S2-Go/src/frbc/frbcFillLevelTargetProfile.go:36.2,41.8 1 0
github.com/BuriP/S2-Go/src/frbc/frbcFillLevelTargetProfile.go:45.89,47.2 1 0
github.com/BuriP/S2-Go/src/frbc/frbcFillLevelTargetProfile.go:50.67,52.2 1 0
github.com/BuriP/S2-Go/src/frbc/frbcFillLevelTargetProfile.go:55.62,57.2 1 0
github.com/BuriP/S2-Go/src/frbc/frbcFillLevelTargetProfile.go:60.63,62.2 1 0
github.com/BuriP/S2-Go/src/frbc/frbcFillLevelTargetProfileElement.go:16.150,17.21 1 0
github.com/BuriP/S2-Go/src/frbc/frbcFillLevelTargetProfileElement.go:17.21,19.3 1 0
github.com/BuriP/S2-Go/src/frbc/frbcFillLevelTargetProfileElement.go:20.2,20.27 1 0
github.com/BuriP/S2-Go/src/frbc/frbcFillLevelTargetProfileElement.go:20.27,22.3 1 0
github.com/BuriP/S2-Go/src/frbc/frbcFillLevelTargetProfileElement.go:24.2,27.8 1 0
github.com/BuriP/S2-Go/src/frbc/frbcFillLevelTargetProfileElement.go:31.76,33.2 1 0
github.com/BuriP/S2-Go/src/frbc/frbcFillLevelTargetProfileElement.go:36.85,38.2 1 0
github.com/BuriP/S2-Go/src/frbc/frbcInstruction.go:23.170,24.23 1 0
github.com/BuriP/S2-Go/src/frbc/frbcInstruction.go:24.23,26.3 1 0
github.com/BuriP/S2-Go/src/frbc/frbcInstruction.go:27.2,27.26 1 0
github.com/BuriP/S2-Go/src/frbc/frbcInstruction.go:27.26,29.3 1 0
github.com/BuriP/S2-Go/src/frbc/frbcInstruction.go:30.2,30.56 1 0
github.com/BuriP/S2-Go/src/frbc/frbcInstruction.go:30.56,32.3 1 0
github.com/BuriP/S2-Go/src/frbc/frbcInstruction.go:34.2,35.16 2 0
github.com/BuriP/S2-Go/src/frbc/frbcInstruction.go:35.16,37.3 1 0
github.com/BuriP/S2-Go/src/frbc/frbcInstruction.go:39.2,40.16 2 0
github.com/BuriP/S2-Go/src/frbc/frbcInstruction.go:40.16,42.3 1 0
github.com/BuriP/S2-Go/src/frbc/frbcInstruction.go:44.2,53.8 1 0
github.com/BuriP/S2-Go/src/frbc/frbcInstruction.go:57.55,59.2 1 0
github.com/BuriP/S2-Go/src/frbc/frbcInstruction.go:62.57,64.2 1 0
github.com/BuriP/S2-Go/src/frbc/frbcInstruction.go:67.56,69.2 1 0
github.com/BuriP/S2-Go/src/frbc/frbcInstruction.go:72.49,74.2 1 0
github.com/BuriP/S2-Go/src/frbc/frbcInstruction.go:77.56,79.2 1 0
github.com/BuriP/S2-Go/src/frbc/frbcInstruction.go:82.51,84.2 1 0
github.com/BuriP/S2-Go/src/frbc/frbcInstruction.go:87.60,89.2 1 0
github.com/BuriP/S2-Go/src/frbc/frbcInstruction.go:92.60,94.2 1 0
github.com/BuriP/S2-Go/src/frbc/frbcLeakageBehaviour.go:19.123,20.24 1 0
github.com/BuriP/S2-Go/src/frbc/frbcLeakageBehaviour.go:20.24,22.3 1 0
github.com/BuriP/S2-Go/src/frbc/frbcLeakageBehaviour.go:24.2,25.16 2 0
github.com/BuriP/S2-Go/src/frbc/frbcLeakageBehaviour.go:25.16,27.3 1 0
github.com/BuriP/S2-Go/src/frbc/frbcLeakageBehaviour.go:29.2,29.37 1 0
github.com/BuriP/S2-Go/src/frbc/frbcLeakageBehaviour.go:29.37,30.79 1 0
github.com/BuriP/S2-Go/src/frbc/frbcLeakageBehaviour.go:30.79,32.4 1 0
github.com/BuriP/S2-Go/src/frbc/frbcLeakageBehaviour.go:33.3,33.90 1 0
github.com/BuriP/S2-Go/src/frbc/frbcLeakageBehaviour.go:33.90,35.4 1 0
github.com/BuriP/S2-Go/src/frbc/frbcLeakageBehaviour.go:38.2,43.8 1 0
github.com/BuriP/S2-Go/src/frbc/frbcLeakageBehaviour.go:47.78,49.2 1 0
github.com/BuriP/S2-Go/src/frbc/frbcLeakageBehaviour.go:52.62,54.2 1 0
github.com/BuriP/S2-Go/src/frbc/frbcLeakageBehaviour.go:57.57,59.2 1 0
github.com/BuriP/S2-Go/src/frbc/frbcLeakageBehaviour.go:62.58,64.2 1 0
github.com/BuriP/S2-Go/src/frbc/frbcLeakageBehaviourElement.go:16.132,17.27 1 0
github.com/BuriP/S2-Go/src/frbc/frbcLeakageBehaviourElement.go:17.27,19.3 1 0
github.com/BuriP/S2-Go/src/frbc/frbcLeakageBehaviourElement.go:21.2,21.22 1 0
github.com/BuriP/S2-Go/src/frbc/frbcLeakageBehaviourElement.go:21.22,23.3 1 0
github.com/BuriP/S2-Go/src/frbc/frbcLeakageBehaviourElement.go:25.2,28.8 1 0
github.com/BuriP/S2-Go/src/frbc/frbcLeakageBehaviourElement.go:32.79,34.2 1 0
github.com/BuriP/S2-Go/src/frbc/frbcLeakageBehaviourElement.go:37.64,39.2 1 0
github.com/BuriP/S2-Go/src/frbc/frbcOperationMode.go:18.136,19.43 1 0
github.com/BuriP/S2-Go/src/frbc/frbcOperationMode.go:19.43,21.3 1 0
github.com/BuriP/S2-Go/src/frbc/frbcOperationMode.go:24.2,24.37 1 0
github.com/BuriP/S2-Go/src/frbc/frbcOperationMode.go:24.37,25.89 1 0
github.com/BuriP/S2-Go/src/frbc/frbcOperationMode.go:25.89,27.4 1 0
github.com/BuriP/S2-Go/src/frbc/frbcOperationMode.go:30.2,31.16 2 0
github.com/BuriP/S2-Go/src/frbc/frbcOperationMode.go:31.16,33.3 1 0
github.com/BuriP/S2-Go/src/frbc/frbcOperationMode.go:35.2,40.8 1 0
github.com/BuriP/S2-Go/src/frbc/frbcOperationMode.go:44.61,46.2 1 0
github.com/BuriP/S2-Go/src/frbc/frbcOperationMode.go:49.58,51.2 1 0
github.com/BuriP/S2-Go/src/frbc/frbcOperationMode.go:54.71,56.2 1 0
github.com/BuriP/S2-Go/src/frbc/frbcOperationMode.go:59.51,61.2 1 0
github.com/BuriP/S2-Go/src/frbc/frbcOperationModeElement.go:18.183,19.27 1 0
github.com/BuriP/S2-Go/src/frbc/frbcOperationModeElement.go:19.27,21.3 1 0
github.com/BuriP/S2-Go/src/frbc/frbcOperationModeElement.go:22.2,22.21 1 0
github.com/BuriP/S2-Go/src/frbc/frbcOperationModeElement.go:22.21,24.3 1 0
github.com/BuriP/S2-Go/src/frbc/frbcOperationModeElement.go:25.2,25.27 1 0
github.com/BuriP/S2-Go/src/frbc/frbcOperationModeElement.go:25.27,27.3 1 0
github.com/BuriP/S2-Go/src/frbc/frbcOperationModeElement.go:29.2,29.28 1 0
github.com/BuriP/S2-Go/src/frbc/frbcOperationModeElement.go:29.28,38.3 2 0
github.com/BuriP/S2-Go/src/frbc/frbcOperationModeElement.go:40.2,45.8 1 0
github.com/BuriP/S2-Go/src/frbc/frbcOperationModeElement.go:49.76,51.2 1 0
github.com/BuriP/S2-Go/src/frbc/frbcOperationModeElement.go:54.70,56.2 1 0
github.com/BuriP/S2-Go/src/frbc/frbcOperationModeElement.go:59.74,61.2 1 0
github.com/BuriP/S2-Go/src/frbc/frbcOperationModeElement.go:64.74,66.2 1 0
github.com/BuriP/S2-Go/src/frbc/frbcStorageDescription.go:19.228,20.27 1 0
github.com/BuriP/S2-Go/src/frbc/frbcStorageDescription.go:20.27,22.3 1 0
github.com/BuriP/S2-Go/src/frbc/frbcStorageDescription.go:24.2,31.8 1 0
github.com/BuriP/S2-Go/src/frbc/frbcStorageDescription.go:35.64,37.2 1 0
github.com/BuriP/S2-Go/src/frbc/frbcStorageDescription.go:40.63,42.2 1 0
github.com/BuriP/S2-Go/src/frbc/frbcStorageDescription.go:45.75,47.2 1 0
github.com/BuriP/S2-Go/src/frbc/frbcStorageDescription.go:50.76,52.2 1 0
github.com/BuriP/S2-Go/src/frbc/frbcStorageDescription.go:55.70,57.2 1 0
github.com/BuriP/S2-Go/src/frbc/frbcStorageDescription.go:60.67,62.2 1 0
github.com/BuriP/S2-Go/src/frbc/frbcStorageStatus.go:15.81,17.16 2 0
github.com/BuriP/S2-Go/src/frbc/frbcStorageStatus.go:17.16,19.3 1 0
github.com/BuriP/S2-Go/src/frbc/frbcStorageStatus.go:21.2,25.8 1 0
github.com/BuriP/S2-Go/src/frbc/frbcStorageStatus.go:29.58,31.2 1 0
github.com/BuriP/S2-Go/src/frbc/frbcStorageStatus.go:34.53,36.2 1 0
github.com/BuriP/S2-Go/src/frbc/frbcStorageStatus.go:39.59,41.2 1 0
github.com/BuriP/S2-Go/src/frbc/frbcSystemDescriptor.go:20.154,21.25 1 0
github.com/BuriP/S2-Go/src/frbc/frbcSystemDescriptor.go:21.25,23.3 1 0
github.com/BuriP/S2-Go/src/frbc/frbcSystemDescriptor.go:25.2,25.25 1 0
github.com/BuriP/S2-Go/src/frbc/frbcSystemDescriptor.go:25.25,27.3 1 0
github.com/BuriP/S2-Go/src/frbc/frbcSystemDescriptor.go:29.2,30.16 2 0
github.com/BuriP/S2-Go/src/frbc/frbcSystemDescriptor.go:30.16,32.3 1 0
github.com/BuriP/S2-Go/src/frbc/frbcSystemDescriptor.go:34.2,40.8 1 0
github.com/BuriP/S2-Go/src/frbc/frbcSystemDescriptor.go:44.75,46.2 1 0
github.com/BuriP/S2-Go/src/frbc/frbcSystemDescriptor.go:49.63,51.2 1 0
github.com/BuriP/S2-Go/src/frbc/frbcSystemDescriptor.go:54.58,56.2 1 0
github.com/BuriP/S2-Go/src/frbc/frbcSystemDescriptor.go:59.71,61.2 1 0
github.com/BuriP/S2-Go/src/frbc/frbcSystemDescriptor.go:64.59,66.2 1 0
github.com/BuriP/S2-Go/src/frbc/frbcTimerStatus.go:21.118,22.45 1 0
github.com/BuriP/S2-Go/src/frbc/frbcTimerStatus.go:22.45,24.3 1 0
github.com/BuriP/S2-Go/src/frbc/frbcTimerStatus.go:25.2,25.37 1 0
github.com/BuriP/S2-Go/src/frbc/frbcTimerStatus.go:25.37,27.3 1 0
github.com/BuriP/S2-Go/src/frbc/frbcTimerStatus.go:29.2,30.16 2 0
github.com/BuriP/S2-Go/src/frbc/frbcTimerStatus.go:30.16,32.3 1 0
github.com/BuriP/S2-Go/src/frbc/frbcTimerStatus.go:34.2,40.8 1 0
github.com/BuriP/S2-Go/src/frbc/frbcUsageForecast.go:19.113,20.24 1 0
github.com/BuriP/S2-Go/src/frbc/frbcUsageForecast.go:20.24,22.3 1 0
github.com/BuriP/S2-Go/src/frbc/frbcUsageForecast.go:25.2,25.37 1 0
github.com/BuriP/S2-Go/src/frbc/frbcUsageForecast.go:25.37,26.67 1 0
github.com/BuriP/S2-Go/src/frbc/frbcUsageForecast.go:26.67,28.4 1 0
github.com/BuriP/S2-Go/src/frbc/frbcUsageForecast.go:29.3,29.78 1 0
github.com/BuriP/S2-Go/src/frbc/frbcUsageForecast.go:29.78,31.4 1 0
github.com/BuriP/S2-Go/src/frbc/frbcUsageForecast.go:34.2,35.16 2 0
github.com/BuriP/S2-Go/src/frbc/frbcUsageForecast.go:35.16,37.3 1 0
github.com/BuriP/S2-Go/src/frbc/frbcUsageForecast.go:39.2,44.8 1 0
github.com/BuriP/S2-Go/src/frbc/frbcUsageForecastElement.go:21.118,22.21 1 0
github.com/BuriP/S2-Go/src/frbc/frbcUsageForecastElement.go:22.21,24.3 1 0
github.com/BuriP/S2-Go/src/frbc/frbcUsageForecastElement.go:26.2,26.23 1 0
github.com/BuriP/S2-Go/src/frbc/frbcUsageForecastElement.go:26.23,28.3 1 0
github.com/BuriP/S2-Go/src/frbc/frbcUsageForecastElement.go:30.2,33.8 1 0
github.com/BuriP/S2-Go/src/generated/ID.go:17.46,23.31 3 0
github.com/BuriP/S2-Go/src/generated/ID.go:23.31,25.3 1 0
github.com/BuriP/S2-Go/src/generated/ID.go:25.8,25.39 1 0
github.com/BuriP/S2-Go/src/generated/ID.go:25.39,27.3 1 0
github.com/BuriP/S2-Go/src/generated/ID.go:29.2,29.25 1 0
github.com/BuriP/S2-Go/src/generated/ID.go:33.27,36.16 2 0
github.com/BuriP/S2-Go/src/generated/ID.go:36.16,38.3 1 0
github.com/BuriP/S2-Go/src/generated/ID.go:41.2,47.43 3 0
github.com/BuriP/S2-Go/src/generated/ID.go:47.43,49.3 1 0
github.com/BuriP/S2-Go/src/generated/ID.go:51.2,51.33 1 0
github.com/BuriP/S2-Go/websockets/S2server/server.go:11.42,13.3 1 0
github.com/BuriP/S2-Go/websockets/S2server/server.go:16.44,19.6 2 0
github.com/BuriP/S2-Go/websockets/S2server/server.go:19.6,22.17 3 0
github.com/BuriP/S2-Go/websockets/S2server/server.go:22.17,24.9 2 0
github.com/BuriP/S2-Go/websockets/S2server/server.go:27.3,34.17 4 0
github.com/BuriP/S2-Go/websockets/S2server/server.go:34.17,36.9 2 0
github.com/BuriP/S2-Go/websockets/S2server/server.go:41.31,42.70 1 0
github.com/BuriP/S2-Go/websockets/S2server/server.go:42.70,44.17 2 0
github.com/BuriP/S2-Go/websockets/S2server/server.go:44.17,46.4 1 0
github.com/BuriP/S2-Go/websockets/S2server/server.go:47.3,47.24 1 0
github.com/BuriP/S2-Go/websockets/S2server/server.go:49.2,50.43 2 0
github.com/BuriP/S2-Go/src/common/duration.go:13.38,17.2 1 0
github.com/BuriP/S2-Go/src/common/duration.go:20.60,23.2 2 0
github.com/BuriP/S2-Go/src/common/duration.go:26.75,27.32 1 0
github.com/BuriP/S2-Go/src/common/duration.go:27.32,29.3 1 0
github.com/BuriP/S2-Go/src/common/duration.go:31.2,32.33 2 0
github.com/BuriP/S2-Go/src/common/duration.go:32.33,34.3 1 0
github.com/BuriP/S2-Go/src/common/duration.go:35.2,35.23 1 0
github.com/BuriP/S2-Go/src/common/duration.go:39.48,41.2 1 0
github.com/BuriP/S2-Go/src/common/duration.go:44.54,48.2 1 0
github.com/BuriP/S2-Go/src/common/duration.go:51.46,55.2 1 0
github.com/BuriP/S2-Go/src/common/handshake.go:17.105,18.57 1 0
github.com/BuriP/S2-Go/src/common/handshake.go:18.57,20.3 1 0
github.com/BuriP/S2-Go/src/common/handshake.go:21.2,21.51 1 0
github.com/BuriP/S2-Go/src/common/handshake.go:21.51,23.3 1 0
github.com/BuriP/S2-Go/src/common/handshake.go:25.2,26.26 2 0
github.com/BuriP/S2-Go/src/common/handshake.go:26.26,28.3 1 0
github.com/BuriP/S2-Go/src/common/handshake.go:28.8,28.65 1 0
github.com/BuriP/S2-Go/src/common/handshake.go:28.65,30.3 1 0
github.com/BuriP/S2-Go/src/common/handshake.go:33.2,34.16 2 0
github.com/BuriP/S2-Go/src/common/handshake.go:34.16,36.3 1 0
github.com/BuriP/S2-Go/src/common/handshake.go:38.2,43.8 1 0
github.com/BuriP/S2-Go/src/common/handshake.go:47.115,49.34 2 0
github.com/BuriP/S2-Go/src/common/handshake.go:49.34,51.17 2 0
github.com/BuriP/S2-Go/src/common/handshake.go:51.17,53.4 1 0
github.com/BuriP/S2-Go/src/common/handshake.go:54.3,54.45 1 0
github.com/BuriP/S2-Go/src/common/handshake.go:56.2,56.24 1 0
github.com/BuriP/S2-Go/src/common/handshake.go:60.61,65.2 4 0
github.com/BuriP/S2-Go/src/common/handshake.go:68.73,71.2 2 0
github.com/BuriP/S2-Go/src/common/handshakeResponse.go:16.77,17.22 1 0
github.com/BuriP/S2-Go/src/common/handshakeResponse.go:17.22,19.3 1 0
github.com/BuriP/S2-Go/src/common/handshakeResponse.go:20.2,20.48 1 0
github.com/BuriP/S2-Go/src/common/handshakeResponse.go:20.48,22.3 1 0
github.com/BuriP/S2-Go/src/common/handshakeResponse.go:24.2,25.16 2 0
github.com/BuriP/S2-Go/src/common/handshakeResponse.go:25.16,27.3 1 0
github.com/BuriP/S2-Go/src/common/handshakeResponse.go:29.2,33.8 1 0
github.com/BuriP/S2-Go/src/common/handshakeResponse.go:37.69,39.2 1 0
github.com/BuriP/S2-Go/src/common/instructionStatusUpdate.go:19.107,21.16 2 0
github.com/BuriP/S2-Go/src/common/instructionStatusUpdate.go:21.16,23.3 1 0
github.com/BuriP/S2-Go/src/common/instructionStatusUpdate.go:24.2,25.16 2 0
github.com/BuriP/S2-Go/src/common/instructionStatusUpdate.go:25.16,27.3 1 0
github.com/BuriP/S2-Go/src/common/instructionStatusUpdate.go:28.2,35.8 2 0
github.com/BuriP/S2-Go/src/common/instructionStatusUpdate.go:39.66,41.2 1 0
github.com/BuriP/S2-Go/src/common/instructionStatusUpdate.go:44.70,46.2 1 0
github.com/BuriP/S2-Go/src/common/numberRange.go:14.71,15.17 1 0
github.com/BuriP/S2-Go/src/common/numberRange.go:15.17,17.3 1 0
github.com/BuriP/S2-Go/src/common/numberRange.go:18.2,21.8 1 0
github.com/BuriP/S2-Go/src/common/numberRange.go:25.54,26.37 1 0
github.com/BuriP/S2-Go/src/common/numberRange.go:26.37,28.3 1 0
github.com/BuriP/S2-Go/src/common/numberRange.go:29.2,29.12 1 0
github.com/BuriP/S2-Go/src/common/numberRange.go:33.38,35.2 1 0
github.com/BuriP/S2-Go/src/common/numberRange.go:38.56,39.18 1 0
github.com/BuriP/S2-Go/src/common/numberRange.go:39.18,41.3 1 0
github.com/BuriP/S2-Go/src/common/numberRange.go:42.2,42.83 1 0
github.com/BuriP/S2-Go/src/common/powerForecast.go:17.98,18.44 1 0
github.com/BuriP/S2-Go/src/common/powerForecast.go:18.44,20.3 1 0
github.com/BuriP/S2-Go/src/common/powerForecast.go:23.2,23.38 1 0
github.com/BuriP/S2-Go/src/common/powerForecast.go:23.38,24.37 1 0
github.com/BuriP/S2-Go/src/common/powerForecast.go:24.37,26.4 1 0
github.com/BuriP/S2-Go/src/common/powerForecast.go:27.3,27.93 1 0
github.com/BuriP/S2-Go/src/common/powerForecast.go:27.93,29.4 1 0
github.com/BuriP/S2-Go/src/common/powerForecast.go:32.2,33.16 2 0
github.com/BuriP/S2-Go/src/common/powerForecast.go:33.16,35.3 1 0
github.com/BuriP/S2-Go/src/common/powerForecast.go:36.2,42.8 2 0
github.com/BuriP/S2-Go/src/common/powerForecastElement.go:13.116,14.21 1 0
github.com/BuriP/S2-Go/src/common/powerForecastElement.go:14.21,16.3 1 0
github.com/BuriP/S2-Go/src/common/powerForecastElement.go:18.2,18.50 1 0
github.com/BuriP/S2-Go/src/common/powerForecastElement.go:18.50,20.3 1 0
github.com/BuriP/S2-Go/src/common/powerForecastElement.go:22.2,25.8 1 0
github.com/BuriP/S2-Go/src/common/powerForecastValue.go:20.142,21.21 1 0
github.com/BuriP/S2-Go/src/common/powerForecastValue.go:21.21,23.3 1 0
github.com/BuriP/S2-Go/src/common/powerForecastValue.go:25.2,25.18 1 0
github.com/BuriP/S2-Go/src/common/powerForecastValue.go:25.18,27.3 1 0
github.com/BuriP/S2-Go/src/common/powerForecastValue.go:29.2,34.29 2 0
github.com/BuriP/S2-Go/src/common/powerForecastValue.go:34.29,36.3 1 0
github.com/BuriP/S2-Go/src/common/powerForecastValue.go:37.2,37.29 1 0
github.com/BuriP/S2-Go/src/common/powerForecastValue.go:37.29,39.3 1 0
github.com/BuriP/S2-Go/src/common/powerForecastValue.go:40.2,40.29 1 0
github.com/BuriP/S2-Go/src/common/powerForecastValue.go:40.29,42.3 1 0
github.com/BuriP/S2-Go/src/common/powerForecastValue.go:43.2,43.29 1 0
github.com/BuriP/S2-Go/src/common/powerForecastValue.go:43.29,45.3 1 0
github.com/BuriP/S2-Go/src/common/powerForecastValue.go:46.2,46.29 1 0
github.com/BuriP/S2-Go/src/common/powerForecastValue.go:46.29,48.3 1 0
github.com/BuriP/S2-Go/src/common/powerForecastValue.go:49.2,49.29 1 0
github.com/BuriP/S2-Go/src/common/powerForecastValue.go:49.29,51.3 1 0
github.com/BuriP/S2-Go/src/common/powerForecastValue.go:53.2,53.17 1 0
github.com/BuriP/S2-Go/src/common/powerMeasurement.go:18.75,19.40 1 0
github.com/BuriP/S2-Go/src/common/powerMeasurement.go:19.40,21.3 1 0
github.com/BuriP/S2-Go/src/common/powerMeasurement.go:23.2,24.16 2 0
github.com/BuriP/S2-Go/src/common/powerMeasurement.go:24.16,26.3 1 0
github.com/BuriP/S2-Go/src/common/powerMeasurement.go:28.2,33.8 1 0
github.com/BuriP/S2-Go/src/common/powerRange.go:15.108,16.21 1 0
github.com/BuriP/S2-Go/src/common/powerRange.go:16.21,18.3 1 0
github.com/BuriP/S2-Go/src/common/powerRange.go:20.2,20.17 1 0
github.com/BuriP/S2-Go/src/common/powerRange.go:20.17,22.3 1 0
github.com/BuriP/S2-Go/src/common/powerRange.go:24.2,28.8 1 0
github.com/BuriP/S2-Go/src/common/powerValue.go:14.95,15.21 1 0
github.com/BuriP/S2-Go/src/common/powerValue.go:15.21,17.3 1 0
github.com/BuriP/S2-Go/src/common/powerValue.go:19.2,19.15 1 0
github.com/BuriP/S2-Go/src/common/powerValue.go:19.15,21.3 1 0
github.com/BuriP/S2-Go/src/common/powerValue.go:23.2,26.8 1 0
github.com/BuriP/S2-Go/src/common/receptionStatus.go:16.139,17.19 1 0
github.com/BuriP/S2-Go/src/common/receptionStatus.go:17.19,19.3 1 0
github.com/BuriP/S2-Go/src/common/receptionStatus.go:21.2,21.29 1 0
github.com/BuriP/S2-Go/src/common/receptionStatus.go:21.29,23.3 1 0
github.com/BuriP/S2-Go/src/common/receptionStatus.go:24.2,29.8 1 0
github.com/BuriP/S2-Go/src/common/resourceManagerDetails.go:37.36,38.70 1 0
github.com/BuriP/S2-Go/src/common/resourceManagerDetails.go:38.70,40.3 1 0
github.com/BuriP/S2-Go/src/common/resourceManagerDetails.go:42.2,42.85 1 0
github.com/BuriP/S2-Go/src/common/resourceManagerDetails.go:42.85,44.3 1 0
github.com/BuriP/S2-Go/src/common/resourceManagerDetails.go:46.2,46.38 1 0
github.com/BuriP/S2-Go/src/common/resourceManagerDetails.go:46.38,48.3 1 0
github.com/BuriP/S2-Go/src/common/resourceManagerDetails.go:50.2,50.39 1 0
github.com/BuriP/S2-Go/src/common/resourceManagerDetails.go:50.39,52.3 1 0
github.com/BuriP/S2-Go/src/common/resourceManagerDetails.go:54.2,54.23 1 0
github.com/BuriP/S2-Go/src/common/resourceManagerDetails.go:54.23,56.3 1 0
github.com/BuriP/S2-Go/src/common/resourceManagerDetails.go:58.2,59.16 2 0
github.com/BuriP/S2-Go/src/common/resourceManagerDetails.go:59.16,61.3 1 0
github.com/BuriP/S2-Go/src/common/resourceManagerDetails.go:63.2,78.8 1 0
github.com/BuriP/S2-Go/src/common/revokeObject.go:17.107,18.21 1 0
github.com/BuriP/S2-Go/src/common/revokeObject.go:18.21,20.3 1 0
github.com/BuriP/S2-Go/src/common/revokeObject.go:22.2,23.16 2 0
github.com/BuriP/S2-Go/src/common/revokeObject.go:23.16,25.3 1 0
github.com/BuriP/S2-Go/src/common/revokeObject.go:27.2,32.8 1 0
github.com/BuriP/S2-Go/src/common/role.go:14.85,15.21 1 0
github.com/BuriP/S2-Go/src/common/role.go:15.21,17.3 1 0
github.com/BuriP/S2-Go/src/common/role.go:18.2,18.16 1 0
github.com/BuriP/S2-Go/src/common/role.go:18.16,20.3 1 0
github.com/BuriP/S2-Go/src/common/role.go:22.2,25.8 1 0
github.com/BuriP/S2-Go/src/common/selectControlType.go:14.90,16.16 2 0
github.com/BuriP/S2-Go/src/common/selectControlType.go:16.16,18.3 1 0
github.com/BuriP/S2-Go/src/common/selectControlType.go:19.2,23.8 1 0
github.com/BuriP/S2-Go/src/common/sessionRequest.go:16.114,17.19 1 0
github.com/BuriP/S2-Go/src/common/sessionRequest.go:17.19,19.3 1 0
github.com/BuriP/S2-Go/src/common/sessionRequest.go:21.2,22.16 2 0
github.com/BuriP/S2-Go/src/common/sessionRequest.go:22.16,24.3 1 0
github.com/BuriP/S2-Go/src/common/sessionRequest.go:26.2,27.30 2 0
github.com/BuriP/S2-Go/src/common/sessionRequest.go:27.30,29.3 1 0
github.com/BuriP/S2-Go/src/common/sessionRequest.go:31.2,36.8 1 0
github.com/BuriP/S2-Go/src/common/support.go:10.110,11.19 1 0
github.com/BuriP/S2-Go/src/common/support.go:12.22,13.137 1 0
github.com/BuriP/S2-Go/src/common/support.go:14.29,16.91 1 0
github.com/BuriP/S2-Go/src/common/support.go:17.21,18.58 1 0
github.com/BuriP/S2-Go/src/common/support.go:19.21,20.50 1 0
github.com/BuriP/S2-Go/src/common/support.go:21.10,22.74 1 0
github.com/BuriP/S2-Go/src/common/timer.go:16.78,17.21 1 0
github.com/BuriP/S2-Go/src/common/timer.go:17.21,19.3 1 0
github.com/BuriP/S2-Go/src/common/timer.go:21.2,22.16 2 0
github.com/BuriP/S2-Go/src/common/timer.go:22.16,24.3 1 0
github.com/BuriP/S2-Go/src/common/timer.go:26.2,27.30 2 0
github.com/BuriP/S2-Go/src/common/timer.go:27.30,29.3 1 0
github.com/BuriP/S2-Go/src/common/timer.go:31.2,35.8 1 0
github.com/BuriP/S2-Go/src/common/trasition.go:21.242,22.43 1 0
github.com/BuriP/S2-Go/src/common/trasition.go:22.43,24.3 1 0
github.com/BuriP/S2-Go/src/common/trasition.go:26.2,35.8 1 0
github.com/BuriP/S2-Go/src/common/trasition.go:39.55,41.26 2 0
github.com/BuriP/S2-Go/src/common/trasition.go:41.26,43.3 1 0
github.com/BuriP/S2-Go/src/common/trasition.go:44.2,44.15 1 0
